#
# A fatal error has been detected by the Java Runtime Environment:
#
#  Internal Error (javaClasses.cpp:126), pid=49164, tid=67756
#  fatal error: Invalid layout of preloaded class
#
# JRE version:  (8.0_20-b26) (build )
# Java VM: Java HotSpot(TM) 64-Bit Server VM (25.20-b23 mixed mode windows-amd64 compressed oops)
# Failed to write core dump. Minidumps are not enabled by default on client versions of Windows
#
# If you would like to submit a bug report, please visit:
#   http://bugreport.sun.com/bugreport/crash.jsp
#

---------------  T H R E A D  ---------------

Current thread (0x0000000002a40800):  JavaThread "Unknown thread" [_thread_in_vm, id=67756, stack(0x00000000028b0000,0x00000000029b0000)]

Stack: [0x00000000028b0000,0x00000000029b0000]
Native frames: (J=compiled Java code, j=interpreted, Vv=VM code, C=native code)
V  [jvm.dll+0x3152fa]
V  [jvm.dll+0x265d03]
V  [jvm.dll+0x266943]
V  [jvm.dll+0x25e1e6]
V  [jvm.dll+0x5e64c]
V  [jvm.dll+0x5e743]
V  [jvm.dll+0x7316a]
V  [jvm.dll+0x734c8]
V  [jvm.dll+0xe3937]
V  [jvm.dll+0xe3cc6]
V  [jvm.dll+0x1f89d7]
V  [jvm.dll+0x229fc4]
V  [jvm.dll+0x14c6f1]
C  [javaw.exe+0x20c6]
C  [javaw.exe+0xc9eb]
C  [javaw.exe+0xca7f]
C  [KERNEL32.DLL+0x16ad]
C  [ntdll.dll+0x734a5]


---------------  P R O C E S S  ---------------

Java Threads: ( => current thread )

Other Threads:

=>0x0000000002a40800 (exited) JavaThread "Unknown thread" [_thread_in_vm, id=67756, stack(0x00000000028b0000,0x00000000029b0000)]

VM state:not at safepoint (not fully initialized)

VM Mutex/Monitor currently owned by a thread: None

GC Heap History (0 events):
No events

Deoptimization events (0 events):
No events

Internal exceptions (0 events):
No events

Events (10 events):
Event: 0.013 loading class java/lang/CharSequence done
Event: 0.013 loading class java/lang/String done
Event: 0.013 loading class java/lang/Class
Event: 0.013 loading class java/lang/reflect/AnnotatedElement
Event: 0.013 loading class java/lang/reflect/AnnotatedElement done
Event: 0.013 loading class java/lang/reflect/GenericDeclaration
Event: 0.013 loading class java/lang/reflect/GenericDeclaration done
Event: 0.013 loading class java/lang/reflect/Type
Event: 0.013 loading class java/lang/reflect/Type done
Event: 0.013 loading class java/lang/Class done


Dynamic libraries:
0x00007ff60e510000 - 0x00007ff60e544000 	C:\Program Files\Java\jre1.8.0_20\bin\javaw.exe
0x00007ffcde020000 - 0x00007ffcde1ca000 	C:\WINDOWS\SYSTEM32\ntdll.dll
0x00007ffcdbc90000 - 0x00007ffcdbdca000 	C:\WINDOWS\system32\KERNEL32.DLL
0x00007ffcdb560000 - 0x00007ffcdb66f000 	C:\WINDOWS\system32\KERNELBASE.dll
0x00007ffcd9fc0000 - 0x00007ffcda048000 	C:\WINDOWS\system32\apphelp.dll
0x00007ffcc8540000 - 0x00007ffcc858f000 	C:\WINDOWS\AppPatch\AppPatch64\AcGenral.DLL
0x00007ffcdd7f0000 - 0x00007ffcdd897000 	C:\WINDOWS\system32\msvcrt.dll
0x00007ffcdb170000 - 0x00007ffcdb19b000 	C:\WINDOWS\SYSTEM32\SspiCli.dll
0x00007ffcdc070000 - 0x00007ffcdc0c1000 	C:\WINDOWS\system32\SHLWAPI.dll
0x00007ffcdde40000 - 0x00007ffcddfb1000 	C:\WINDOWS\system32\USER32.dll
0x00007ffcdbe20000 - 0x00007ffcdbf98000 	C:\WINDOWS\system32\ole32.dll
0x00007ffcdc230000 - 0x00007ffcdd64f000 	C:\WINDOWS\system32\SHELL32.dll
0x00007ffcda9a0000 - 0x00007ffcda9be000 	C:\WINDOWS\SYSTEM32\USERENV.dll
0x00007ffcdbfc0000 - 0x00007ffcdc065000 	C:\WINDOWS\system32\ADVAPI32.dll
0x00007ffcce120000 - 0x00007ffcce13b000 	C:\WINDOWS\SYSTEM32\MPR.dll
0x00007ffcdd650000 - 0x00007ffcdd787000 	C:\WINDOWS\system32\RPCRT4.dll
0x00007ffcddbf0000 - 0x00007ffcddc47000 	C:\WINDOWS\SYSTEM32\sechost.dll
0x00007ffcdd8a0000 - 0x00007ffcdda76000 	C:\WINDOWS\SYSTEM32\combase.dll
0x00007ffcdc0e0000 - 0x00007ffcdc224000 	C:\WINDOWS\system32\GDI32.dll
0x00007ffcdb390000 - 0x00007ffcdb3a4000 	C:\WINDOWS\SYSTEM32\profapi.dll
0x00007ffcd99f0000 - 0x00007ffcd9a8f000 	C:\WINDOWS\SYSTEM32\SHCORE.dll
0x00007ffcdbdd0000 - 0x00007ffcdbe04000 	C:\WINDOWS\system32\IMM32.DLL
0x00007ffcdbb50000 - 0x00007ffcdbc89000 	C:\WINDOWS\system32\MSCTF.dll
0x00007ffcd91f0000 - 0x00007ffcd944a000 	C:\WINDOWS\WinSxS\amd64_microsoft.windows.common-controls_6595b64144ccf1df_6.0.9600.17031_none_6242a4b3ecbb55a1\COMCTL32.dll
0x000000006aa30000 - 0x000000006ab02000 	C:\Program Files\Java\jre1.8.0_20\bin\msvcr100.dll
0x000000006ae20000 - 0x000000006b678000 	C:\Program Files\Java\jre1.8.0_20\bin\server\jvm.dll
0x00007ffcd3670000 - 0x00007ffcd3679000 	C:\WINDOWS\SYSTEM32\WSOCK32.dll
0x00007ffcd7df0000 - 0x00007ffcd7e0f000 	C:\WINDOWS\SYSTEM32\WINMM.dll
0x00007ffcdda80000 - 0x00007ffcdda87000 	C:\WINDOWS\system32\PSAPI.DLL
0x00007ffcdd790000 - 0x00007ffcdd7e8000 	C:\WINDOWS\system32\WS2_32.dll
0x00007ffcd7bd0000 - 0x00007ffcd7bfa000 	C:\WINDOWS\SYSTEM32\WINMMBASE.dll
0x00007ffcdc0d0000 - 0x00007ffcdc0d9000 	C:\WINDOWS\system32\NSI.dll
0x00007ffcdb460000 - 0x00007ffcdb4aa000 	C:\WINDOWS\SYSTEM32\cfgmgr32.dll
0x00007ffcda240000 - 0x00007ffcda266000 	C:\WINDOWS\SYSTEM32\DEVOBJ.dll
0x000000006ae10000 - 0x000000006ae1f000 	C:\Program Files\Java\jre1.8.0_20\bin\verify.dll
0x000000006ade0000 - 0x000000006ae08000 	C:\Program Files\Java\jre1.8.0_20\bin\java.dll
0x000000006adc0000 - 0x000000006add6000 	C:\Program Files\Java\jre1.8.0_20\bin\zip.dll
0x00007ffccfbb0000 - 0x00007ffccfd38000 	C:\WINDOWS\SYSTEM32\dbghelp.dll

VM Arguments:
jvm_args: -Dfile.encoding=Cp1252 -Xbootclasspath:C:\Users\Matt\Desktop\adt-bundle-windows-x86_64-20140702\sdk\platforms\android-19\android.jar 
java_command: com.syrus.kane.sixstones.Puller
java_class_path (initial): C:\Users\Matt\SkyDrive\GitHub\Android-Six-Stones\SixStones\bin\classes;C:\Users\Matt\SkyDrive\GitHub\Android-Six-Stones\SixStones\libs\android-support-v4.jar
Launcher Type: SUN_STANDARD

Environment Variables:
PATH=C:/Program Files/Java/jre1.8.0_20/bin/server;C:/Program Files/Java/jre1.8.0_20/bin;C:/Program Files/Java/jre1.8.0_20/lib/amd64;C:\ProgramData\Oracle\Java\javapath;C:\Program Files (x86)\NVIDIA Corporation\PhysX\Common;C:\Program Files (x86)\Intel\iCLS Client\;C:\Program Files\Intel\iCLS Client\;C:\WINDOWS\system32;C:\WINDOWS;C:\WINDOWS\System32\Wbem;C:\WINDOWS\System32\WindowsPowerShell\v1.0\;C:\Program Files\Intel\Intel(R) Management Engine Components\DAL;C:\Program Files\Intel\Intel(R) Management Engine Components\IPT;C:\Program Files (x86)\Intel\Intel(R) Management Engine Components\DAL;C:\Program Files (x86)\Intel\Intel(R) Management Engine Components\IPT;C:\Program Files\Condusiv Technologies\ExpressCache\;C:\Program Files (x86)\Windows Live\Shared;C:\Program Files (x86)\Common Files\Acronis\SnapAPI\;C:\Program Files\Java\jdk1.8.0_20\bin;C:\Users\Matt\AppData\Roaming\Dashlane\3.0.6.69630\bin\Firefox_Extension\{442718d9-475e-452a-b3e1-fb1ee16b8e9f}\components;C:\Users\Matt\Desktop\adt-bundle-windows-x86_64-20140702\eclipse;
USERNAME=Matt
OS=Windows_NT
PROCESSOR_IDENTIFIER=Intel64 Family 6 Model 58 Stepping 9, GenuineIntel



---------------  S Y S T E M  ---------------

OS: Windows 8.1 , 64 bit Build 9600 

CPU:total 8 (4 cores per cpu, 2 threads per core) family 6 model 58 stepping 9, cmov, cx8, fxsr, mmx, sse, sse2, sse3, ssse3, sse4.1, sse4.2, popcnt, avx, aes, clmul, erms, ht, tsc, tscinvbit, tscinv

Memory: 4k page, physical 16734276k(10145660k free), swap 19896392k(6285828k free)

vm_info: Java HotSpot(TM) 64-Bit Server VM (25.20-b23) for windows-amd64 JRE (1.8.0_20-b26), built on Jul 30 2014 13:51:23 by "java_re" with MS VC++ 10.0 (VS2010)

time: Tue Oct 07 22:01:34 2014
elapsed time: 0 seconds (0d 0h 0m 0s)

